This is pdfTeX, Version 3.141592653-2.6-1.40.25 (MiKTeX 23.5) (preloaded format=pdflatex 2023.5.18)  18 MAY 2023 23:15
entering extended mode
 \write18 enabled.
 %&-line parsing enabled.
**./section_lab2.tex
(section_lab2.tex
LaTeX2e <2022-11-01> patch level 1
L3 programming layer <2023-05-11>
(C:\Users\Kamil\AppData\Local\Programs\MiKTeX\tex/latex/base\article.cls
Document Class: article 2022/07/02 v1.4n Standard LaTeX document class
(C:\Users\Kamil\AppData\Local\Programs\MiKTeX\tex/latex/base\size11.clo
File: size11.clo 2022/07/02 v1.4n Standard LaTeX file (size option)
)
\c@part=\count185
\c@section=\count186
\c@subsection=\count187
\c@subsubsection=\count188
\c@paragraph=\count189
\c@subparagraph=\count190
\c@figure=\count191
\c@table=\count192
\abovecaptionskip=\skip48
\belowcaptionskip=\skip49
\bibindent=\dimen140
)
(C:\Users\Kamil\AppData\Local\Programs\MiKTeX\tex/latex/geometry\geometry.sty
Package: geometry 2020/01/02 v5.9 Page Geometry

(C:\Users\Kamil\AppData\Local\Programs\MiKTeX\tex/latex/graphics\keyval.sty
Package: keyval 2022/05/29 v1.15 key=value parser (DPC)
\KV@toks@=\toks16
)
(C:\Users\Kamil\AppData\Local\Programs\MiKTeX\tex/generic/iftex\ifvtex.sty
Package: ifvtex 2019/10/25 v1.7 ifvtex legacy package. Use iftex instead.

(C:\Users\Kamil\AppData\Local\Programs\MiKTeX\tex/generic/iftex\iftex.sty
Package: iftex 2022/02/03 v1.0f TeX engine tests
))
\Gm@cnth=\count193
\Gm@cntv=\count194
\c@Gm@tempcnt=\count195
\Gm@bindingoffset=\dimen141
\Gm@wd@mp=\dimen142
\Gm@odd@mp=\dimen143
\Gm@even@mp=\dimen144
\Gm@layoutwidth=\dimen145
\Gm@layoutheight=\dimen146
\Gm@layouthoffset=\dimen147
\Gm@layoutvoffset=\dimen148
\Gm@dimlist=\toks17

(C:\Users\Kamil\AppData\Local\Programs\MiKTeX\tex/latex/geometry\geometry.cfg))
(C:\Users\Kamil\AppData\Local\Programs\MiKTeX\tex/latex/wrapfig\wrapfig.sty
\wrapoverhang=\dimen149
\WF@size=\dimen150
\c@WF@wrappedlines=\count196
\WF@box=\box51
\WF@everypar=\toks18
Package: wrapfig 2003/01/31  v 3.6
)
(C:\Users\Kamil\AppData\Local\Programs\MiKTeX\tex/latex/xcolor\xcolor.sty
Package: xcolor 2022/06/12 v2.14 LaTeX color extensions (UK)

(C:\Users\Kamil\AppData\Local\Programs\MiKTeX\tex/latex/graphics-cfg\color.cfg
File: color.cfg 2016/01/02 v1.6 sample color configuration
)
Package xcolor Info: Driver file: pdftex.def on input line 227.

(C:\Users\Kamil\AppData\Local\Programs\MiKTeX\tex/latex/graphics-def\pdftex.def
File: pdftex.def 2022/09/22 v1.2b Graphics/color driver for pdftex
)
(C:\Users\Kamil\AppData\Local\Programs\MiKTeX\tex/latex/graphics\mathcolor.ltx)
Package xcolor Info: Model `cmy' substituted by `cmy0' on input line 1353.
Package xcolor Info: Model `hsb' substituted by `rgb' on input line 1357.
Package xcolor Info: Model `RGB' extended on input line 1369.
Package xcolor Info: Model `HTML' substituted by `rgb' on input line 1371.
Package xcolor Info: Model `Hsb' substituted by `hsb' on input line 1372.
Package xcolor Info: Model `tHsb' substituted by `hsb' on input line 1373.
Package xcolor Info: Model `HSB' substituted by `hsb' on input line 1374.
Package xcolor Info: Model `Gray' substituted by `gray' on input line 1375.
Package xcolor Info: Model `wave' substituted by `hsb' on input line 1376.
) (C:\Users\Kamil\AppData\Local\Programs\MiKTeX\tex/latex/graphics\graphicx.sty
Package: graphicx 2021/09/16 v1.2d Enhanced LaTeX Graphics (DPC,SPQR)
(C:\Users\Kamil\AppData\Local\Programs\MiKTeX\tex/latex/graphics\graphics.sty
Package: graphics 2022/03/10 v1.4e Standard LaTeX Graphics (DPC,SPQR)

(C:\Users\Kamil\AppData\Local\Programs\MiKTeX\tex/latex/graphics\trig.sty
Package: trig 2021/08/11 v1.11 sin cos tan (DPC)
)
(C:\Users\Kamil\AppData\Local\Programs\MiKTeX\tex/latex/graphics-cfg\graphics.c
fg
File: graphics.cfg 2016/06/04 v1.11 sample graphics configuration
)
Package graphics Info: Driver file: pdftex.def on input line 107.
)
\Gin@req@height=\dimen151
\Gin@req@width=\dimen152
)
(C:\Users\Kamil\AppData\Local\Programs\MiKTeX\tex/latex/amsmath\amsmath.sty
Package: amsmath 2022/04/08 v2.17n AMS math features
\@mathmargin=\skip50

For additional information on amsmath, use the `?' option.
(C:\Users\Kamil\AppData\Local\Programs\MiKTeX\tex/latex/amsmath\amstext.sty
Package: amstext 2021/08/26 v2.01 AMS text

(C:\Users\Kamil\AppData\Local\Programs\MiKTeX\tex/latex/amsmath\amsgen.sty
File: amsgen.sty 1999/11/30 v2.0 generic functions
\@emptytoks=\toks19
\ex@=\dimen153
))
(C:\Users\Kamil\AppData\Local\Programs\MiKTeX\tex/latex/amsmath\amsbsy.sty
Package: amsbsy 1999/11/29 v1.2d Bold Symbols
\pmbraise@=\dimen154
)
(C:\Users\Kamil\AppData\Local\Programs\MiKTeX\tex/latex/amsmath\amsopn.sty
Package: amsopn 2022/04/08 v2.04 operator names
)
\inf@bad=\count197
LaTeX Info: Redefining \frac on input line 234.
\uproot@=\count198
\leftroot@=\count199
LaTeX Info: Redefining \overline on input line 399.
LaTeX Info: Redefining \colon on input line 410.
\classnum@=\count266
\DOTSCASE@=\count267
LaTeX Info: Redefining \ldots on input line 496.
LaTeX Info: Redefining \dots on input line 499.
LaTeX Info: Redefining \cdots on input line 620.
\Mathstrutbox@=\box52
\strutbox@=\box53
LaTeX Info: Redefining \big on input line 722.
LaTeX Info: Redefining \Big on input line 723.
LaTeX Info: Redefining \bigg on input line 724.
LaTeX Info: Redefining \Bigg on input line 725.
\big@size=\dimen155
LaTeX Font Info:    Redeclaring font encoding OML on input line 743.
LaTeX Font Info:    Redeclaring font encoding OMS on input line 744.
\macc@depth=\count268
LaTeX Info: Redefining \bmod on input line 905.
LaTeX Info: Redefining \pmod on input line 910.
LaTeX Info: Redefining \smash on input line 940.
LaTeX Info: Redefining \relbar on input line 970.
LaTeX Info: Redefining \Relbar on input line 971.
\c@MaxMatrixCols=\count269
\dotsspace@=\muskip16
\c@parentequation=\count270
\dspbrk@lvl=\count271
\tag@help=\toks20
\row@=\count272
\column@=\count273
\maxfields@=\count274
\andhelp@=\toks21
\eqnshift@=\dimen156
\alignsep@=\dimen157
\tagshift@=\dimen158
\tagwidth@=\dimen159
\totwidth@=\dimen160
\lineht@=\dimen161
\@envbody=\toks22
\multlinegap=\skip51
\multlinetaggap=\skip52
\mathdisplay@stack=\toks23
LaTeX Info: Redefining \[ on input line 2953.
LaTeX Info: Redefining \] on input line 2954.
)
(C:\Users\Kamil\AppData\Local\Programs\MiKTeX\tex/latex/listings\listings.sty
\lst@mode=\count275
\lst@gtempboxa=\box54
\lst@token=\toks24
\lst@length=\count276
\lst@currlwidth=\dimen162
\lst@column=\count277
\lst@pos=\count278
\lst@lostspace=\dimen163
\lst@width=\dimen164
\lst@newlines=\count279
\lst@lineno=\count280
\lst@maxwidth=\dimen165

(C:\Users\Kamil\AppData\Local\Programs\MiKTeX\tex/latex/listings\lstmisc.sty
File: lstmisc.sty 2023/02/27 1.9 (Carsten Heinz)
\c@lstnumber=\count281
\lst@skipnumbers=\count282
\lst@framebox=\box55
)
(C:\Users\Kamil\AppData\Local\Programs\MiKTeX\tex/latex/listings\listings.cfg
File: listings.cfg 2023/02/27 1.9 listings configuration
))
Package: listings 2023/02/27 1.9 (Carsten Heinz)
(C:\Users\Kamil\AppData\Local\Programs\MiKTeX\tex/latex/minted\minted.sty
Package: minted 2022/12/12 v2.7 Yet another Pygments shim for LaTeX

(C:\Users\Kamil\AppData\Local\Programs\MiKTeX\tex/latex/kvoptions\kvoptions.sty
Package: kvoptions 2022-06-15 v3.15 Key value format for package options (HO)
(C:\Users\Kamil\AppData\Local\Programs\MiKTeX\tex/generic/ltxcmds\ltxcmds.sty
Package: ltxcmds 2020-05-10 v1.25 LaTeX kernel commands for general use (HO)
)
(C:\Users\Kamil\AppData\Local\Programs\MiKTeX\tex/latex/kvsetkeys\kvsetkeys.sty
Package: kvsetkeys 2022-10-05 v1.19 Key value parser (HO)
)) (C:\Users\Kamil\AppData\Local\Programs\MiKTeX\tex/latex/fvextra\fvextra.sty
Package: fvextra 2022/11/30 v1.5 fvextra - extensions and patches for fancyvrb

(C:\Users\Kamil\AppData\Local\Programs\MiKTeX\tex/latex/etoolbox\etoolbox.sty
Package: etoolbox 2020/10/05 v2.5k e-TeX tools for LaTeX (JAW)
\etb@tempcnta=\count283
)
(C:\Users\Kamil\AppData\Local\Programs\MiKTeX\tex/latex/fancyvrb\fancyvrb.sty
Package: fancyvrb 2023/01/19 4.5a verbatim text (tvz,hv)
\FV@CodeLineNo=\count284
\FV@InFile=\read2
\FV@TabBox=\box56
\c@FancyVerbLine=\count285
\FV@StepNumber=\count286
\FV@OutFile=\write3
)
(C:\Users\Kamil\AppData\Local\Programs\MiKTeX\tex/latex/upquote\upquote.sty
Package: upquote 2012/04/19 v1.3 upright-quote and grave-accent glyphs in verba
tim
)
(C:\Users\Kamil\AppData\Local\Programs\MiKTeX\tex/latex/lineno\lineno.sty
Package: lineno 2023/01/19 line numbers on paragraphs v5.1
\linenopenalty=\count287
\output=\toks25
\linenoprevgraf=\count288
\linenumbersep=\dimen166
\linenumberwidth=\dimen167
\c@linenumber=\count289
\c@pagewiselinenumber=\count290
\c@LN@truepage=\count291
\c@internallinenumber=\count292
\c@internallinenumbers=\count293
\quotelinenumbersep=\dimen168
\bframerule=\dimen169
\bframesep=\dimen170
\bframebox=\box57
\linenoamsmath@ams@eqpen=\count294
LaTeX Info: Redefining \\ on input line 3131.
)
\c@FV@TrueTabGroupLevel=\count295
\c@FV@TrueTabCounter=\count296
\FV@TabBox@Group=\box58
\FV@TmpLength=\skip53
\c@FV@HighlightLinesStart=\count297
\c@FV@HighlightLinesStop=\count298
\FV@LoopCount=\count299
\FV@NCharsBox=\box59
\FV@BreakIndent=\dimen171
\FV@BreakIndentNChars=\count300
\FV@BreakSymbolSepLeft=\dimen172
\FV@BreakSymbolSepLeftNChars=\count301
\FV@BreakSymbolSepRight=\dimen173
\FV@BreakSymbolSepRightNChars=\count302
\FV@BreakSymbolIndentLeft=\dimen174
\FV@BreakSymbolIndentLeftNChars=\count303
\FV@BreakSymbolIndentRight=\dimen175
\FV@BreakSymbolIndentRightNChars=\count304
\c@FancyVerbLineBreakLast=\count305
\FV@LineBox=\box60
\FV@LineIndentBox=\box61
\c@FV@BreakBufferDepth=\count306
\FV@LineWidth=\dimen176
)
(C:\Users\Kamil\AppData\Local\Programs\MiKTeX\tex/latex/base\ifthen.sty
Package: ifthen 2022/04/13 v1.1d Standard LaTeX ifthen package (DPC)
)
(C:\Users\Kamil\AppData\Local\Programs\MiKTeX\tex/latex/tools\calc.sty
Package: calc 2017/05/25 v4.3 Infix arithmetic (KKT,FJ)
\calc@Acount=\count307
\calc@Bcount=\count308
\calc@Adimen=\dimen177
\calc@Bdimen=\dimen178
\calc@Askip=\skip54
\calc@Bskip=\skip55
LaTeX Info: Redefining \setlength on input line 80.
LaTeX Info: Redefining \addtolength on input line 81.
\calc@Ccount=\count309
\calc@Cskip=\skip56
)
(C:\Users\Kamil\AppData\Local\Programs\MiKTeX\tex/latex/tools\shellesc.sty
Package: shellesc 2019/11/08 v1.0c unified shell escape interface for LaTeX
Package shellesc Info: Unrestricted shell escape enabled on input line 75.
)
(C:\Users\Kamil\AppData\Local\Programs\MiKTeX\tex/latex/ifplatform\ifplatform.s
ty
Package: ifplatform 2017/10/13 v0.4a Testing for the operating system

(C:\Users\Kamil\AppData\Local\Programs\MiKTeX\tex/generic/pdftexcmds\pdftexcmds
.sty
Package: pdftexcmds 2020-06-27 v0.33 Utility functions of pdfTeX for LuaTeX (HO
)

(C:\Users\Kamil\AppData\Local\Programs\MiKTeX\tex/generic/infwarerr\infwarerr.s
ty
Package: infwarerr 2019/12/03 v1.5 Providing info/warning/error messages (HO)
)
Package pdftexcmds Info: \pdf@primitive is available.
Package pdftexcmds Info: \pdf@ifprimitive is available.
Package pdftexcmds Info: \pdfdraftmode found.
)
(C:\Users\Kamil\AppData\Local\Programs\MiKTeX\tex/generic/catchfile\catchfile.s
ty
Package: catchfile 2019/12/09 v1.8 Catch the contents of a file (HO)

(C:\Users\Kamil\AppData\Local\Programs\MiKTeX\tex/generic/etexcmds\etexcmds.sty
Package: etexcmds 2019/12/15 v1.7 Avoid name clashes with e-TeX commands (HO)
)) (C:\Users\Kamil\AppData\Local\Programs\MiKTeX\tex/generic/iftex\ifluatex.sty
Package: ifluatex 2019/10/25 v1.5 ifluatex legacy package. Use iftex instead.
)) (C:\Users\Kamil\AppData\Local\Programs\MiKTeX\tex/latex/xstring\xstring.sty
(C:\Users\Kamil\AppData\Local\Programs\MiKTeX\tex/generic/xstring\xstring.tex
\integerpart=\count310
\decimalpart=\count311
)
Package: xstring 2023/01/14 v1.85 String manipulations (CT)
) (C:\Users\Kamil\AppData\Local\Programs\MiKTeX\tex/latex/framed\framed.sty
Package: framed 2011/10/22 v 0.96: framed or shaded text with page breaks
\OuterFrameSep=\skip57
\fb@frw=\dimen179
\fb@frh=\dimen180
\FrameRule=\dimen181
\FrameSep=\dimen182
)
(C:\Users\Kamil\AppData\Local\Programs\MiKTeX\tex/latex/float\float.sty
Package: float 2001/11/08 v1.3d Float enhancements (AL)
\c@float@type=\count312
\float@exts=\toks26
\float@box=\box62
\@float@everytoks=\toks27
\@floatcapt=\box63
)
\minted@appexistsfile=\read3
\minted@bgbox=\box64
\minted@code=\write4
\c@minted@FancyVerbLineTemp=\count313
\c@minted@pygmentizecounter=\count314
\@float@every@listing=\toks28
\c@listing=\count315
)
runsystem(if not exist _minted-section_lab2 mkdir _minted-section_lab2)...execu
ted.


(C:\Users\Kamil\AppData\Local\Programs\MiKTeX\tex/latex/pgf/frontendlayer\tikz.
sty
(C:\Users\Kamil\AppData\Local\Programs\MiKTeX\tex/latex/pgf/basiclayer\pgf.sty
(C:\Users\Kamil\AppData\Local\Programs\MiKTeX\tex/latex/pgf/utilities\pgfrcs.st
y
(C:\Users\Kamil\AppData\Local\Programs\MiKTeX\tex/generic/pgf/utilities\pgfutil
-common.tex
\pgfutil@everybye=\toks29
\pgfutil@tempdima=\dimen183
\pgfutil@tempdimb=\dimen184
)
(C:\Users\Kamil\AppData\Local\Programs\MiKTeX\tex/generic/pgf/utilities\pgfutil
-latex.def
\pgfutil@abb=\box65
)
(C:\Users\Kamil\AppData\Local\Programs\MiKTeX\tex/generic/pgf/utilities\pgfrcs.
code.tex
(C:\Users\Kamil\AppData\Local\Programs\MiKTeX\tex/generic/pgf\pgf.revision.tex)
Package: pgfrcs 2023-01-15 v3.1.10 (3.1.10)
))
Package: pgf 2023-01-15 v3.1.10 (3.1.10)

(C:\Users\Kamil\AppData\Local\Programs\MiKTeX\tex/latex/pgf/basiclayer\pgfcore.
sty
(C:\Users\Kamil\AppData\Local\Programs\MiKTeX\tex/latex/pgf/systemlayer\pgfsys.
sty
(C:\Users\Kamil\AppData\Local\Programs\MiKTeX\tex/generic/pgf/systemlayer\pgfsy
s.code.tex
Package: pgfsys 2023-01-15 v3.1.10 (3.1.10)

(C:\Users\Kamil\AppData\Local\Programs\MiKTeX\tex/generic/pgf/utilities\pgfkeys
.code.tex
\pgfkeys@pathtoks=\toks30
\pgfkeys@temptoks=\toks31

(C:\Users\Kamil\AppData\Local\Programs\MiKTeX\tex/generic/pgf/utilities\pgfkeys
libraryfiltered.code.tex
\pgfkeys@tmptoks=\toks32
))
\pgf@x=\dimen185
\pgf@y=\dimen186
\pgf@xa=\dimen187
\pgf@ya=\dimen188
\pgf@xb=\dimen189
\pgf@yb=\dimen190
\pgf@xc=\dimen191
\pgf@yc=\dimen192
\pgf@xd=\dimen193
\pgf@yd=\dimen194
\w@pgf@writea=\write5
\r@pgf@reada=\read4
\c@pgf@counta=\count316
\c@pgf@countb=\count317
\c@pgf@countc=\count318
\c@pgf@countd=\count319
\t@pgf@toka=\toks33
\t@pgf@tokb=\toks34
\t@pgf@tokc=\toks35
\pgf@sys@id@count=\count320

(C:\Users\Kamil\AppData\Local\Programs\MiKTeX\tex/generic/pgf/systemlayer\pgf.c
fg
File: pgf.cfg 2023-01-15 v3.1.10 (3.1.10)
)
Driver file for pgf: pgfsys-pdftex.def

(C:\Users\Kamil\AppData\Local\Programs\MiKTeX\tex/generic/pgf/systemlayer\pgfsy
s-pdftex.def
File: pgfsys-pdftex.def 2023-01-15 v3.1.10 (3.1.10)

(C:\Users\Kamil\AppData\Local\Programs\MiKTeX\tex/generic/pgf/systemlayer\pgfsy
s-common-pdf.def
File: pgfsys-common-pdf.def 2023-01-15 v3.1.10 (3.1.10)
)))
(C:\Users\Kamil\AppData\Local\Programs\MiKTeX\tex/generic/pgf/systemlayer\pgfsy
ssoftpath.code.tex
File: pgfsyssoftpath.code.tex 2023-01-15 v3.1.10 (3.1.10)
\pgfsyssoftpath@smallbuffer@items=\count321
\pgfsyssoftpath@bigbuffer@items=\count322
)
(C:\Users\Kamil\AppData\Local\Programs\MiKTeX\tex/generic/pgf/systemlayer\pgfsy
sprotocol.code.tex
File: pgfsysprotocol.code.tex 2023-01-15 v3.1.10 (3.1.10)
))
(C:\Users\Kamil\AppData\Local\Programs\MiKTeX\tex/generic/pgf/basiclayer\pgfcor
e.code.tex
Package: pgfcore 2023-01-15 v3.1.10 (3.1.10)

(C:\Users\Kamil\AppData\Local\Programs\MiKTeX\tex/generic/pgf/math\pgfmath.code
.tex
(C:\Users\Kamil\AppData\Local\Programs\MiKTeX\tex/generic/pgf/math\pgfmathutil.
code.tex)
(C:\Users\Kamil\AppData\Local\Programs\MiKTeX\tex/generic/pgf/math\pgfmathparse
r.code.tex
\pgfmath@dimen=\dimen195
\pgfmath@count=\count323
\pgfmath@box=\box66
\pgfmath@toks=\toks36
\pgfmath@stack@operand=\toks37
\pgfmath@stack@operation=\toks38
)
(C:\Users\Kamil\AppData\Local\Programs\MiKTeX\tex/generic/pgf/math\pgfmathfunct
ions.code.tex)
(C:\Users\Kamil\AppData\Local\Programs\MiKTeX\tex/generic/pgf/math\pgfmathfunct
ions.basic.code.tex)
(C:\Users\Kamil\AppData\Local\Programs\MiKTeX\tex/generic/pgf/math\pgfmathfunct
ions.trigonometric.code.tex)
(C:\Users\Kamil\AppData\Local\Programs\MiKTeX\tex/generic/pgf/math\pgfmathfunct
ions.random.code.tex)
(C:\Users\Kamil\AppData\Local\Programs\MiKTeX\tex/generic/pgf/math\pgfmathfunct
ions.comparison.code.tex)
(C:\Users\Kamil\AppData\Local\Programs\MiKTeX\tex/generic/pgf/math\pgfmathfunct
ions.base.code.tex)
(C:\Users\Kamil\AppData\Local\Programs\MiKTeX\tex/generic/pgf/math\pgfmathfunct
ions.round.code.tex)
(C:\Users\Kamil\AppData\Local\Programs\MiKTeX\tex/generic/pgf/math\pgfmathfunct
ions.misc.code.tex)
(C:\Users\Kamil\AppData\Local\Programs\MiKTeX\tex/generic/pgf/math\pgfmathfunct
ions.integerarithmetics.code.tex)
(C:\Users\Kamil\AppData\Local\Programs\MiKTeX\tex/generic/pgf/math\pgfmathcalc.
code.tex)
(C:\Users\Kamil\AppData\Local\Programs\MiKTeX\tex/generic/pgf/math\pgfmathfloat
.code.tex
\c@pgfmathroundto@lastzeros=\count324
))
(C:\Users\Kamil\AppData\Local\Programs\MiKTeX\tex/generic/pgf/math\pgfint.code.
tex)
(C:\Users\Kamil\AppData\Local\Programs\MiKTeX\tex/generic/pgf/basiclayer\pgfcor
epoints.code.tex
File: pgfcorepoints.code.tex 2023-01-15 v3.1.10 (3.1.10)
\pgf@picminx=\dimen196
\pgf@picmaxx=\dimen197
\pgf@picminy=\dimen198
\pgf@picmaxy=\dimen199
\pgf@pathminx=\dimen256
\pgf@pathmaxx=\dimen257
\pgf@pathminy=\dimen258
\pgf@pathmaxy=\dimen259
\pgf@xx=\dimen260
\pgf@xy=\dimen261
\pgf@yx=\dimen262
\pgf@yy=\dimen263
\pgf@zx=\dimen264
\pgf@zy=\dimen265
)
(C:\Users\Kamil\AppData\Local\Programs\MiKTeX\tex/generic/pgf/basiclayer\pgfcor
epathconstruct.code.tex
File: pgfcorepathconstruct.code.tex 2023-01-15 v3.1.10 (3.1.10)
\pgf@path@lastx=\dimen266
\pgf@path@lasty=\dimen267
)
(C:\Users\Kamil\AppData\Local\Programs\MiKTeX\tex/generic/pgf/basiclayer\pgfcor
epathusage.code.tex
File: pgfcorepathusage.code.tex 2023-01-15 v3.1.10 (3.1.10)
\pgf@shorten@end@additional=\dimen268
\pgf@shorten@start@additional=\dimen269
)
(C:\Users\Kamil\AppData\Local\Programs\MiKTeX\tex/generic/pgf/basiclayer\pgfcor
escopes.code.tex
File: pgfcorescopes.code.tex 2023-01-15 v3.1.10 (3.1.10)
\pgfpic=\box67
\pgf@hbox=\box68
\pgf@layerbox@main=\box69
\pgf@picture@serial@count=\count325
)
(C:\Users\Kamil\AppData\Local\Programs\MiKTeX\tex/generic/pgf/basiclayer\pgfcor
egraphicstate.code.tex
File: pgfcoregraphicstate.code.tex 2023-01-15 v3.1.10 (3.1.10)
\pgflinewidth=\dimen270
)
(C:\Users\Kamil\AppData\Local\Programs\MiKTeX\tex/generic/pgf/basiclayer\pgfcor
etransformations.code.tex
File: pgfcoretransformations.code.tex 2023-01-15 v3.1.10 (3.1.10)
\pgf@pt@x=\dimen271
\pgf@pt@y=\dimen272
\pgf@pt@temp=\dimen273
)
(C:\Users\Kamil\AppData\Local\Programs\MiKTeX\tex/generic/pgf/basiclayer\pgfcor
equick.code.tex
File: pgfcorequick.code.tex 2023-01-15 v3.1.10 (3.1.10)
)
(C:\Users\Kamil\AppData\Local\Programs\MiKTeX\tex/generic/pgf/basiclayer\pgfcor
eobjects.code.tex
File: pgfcoreobjects.code.tex 2023-01-15 v3.1.10 (3.1.10)
)
(C:\Users\Kamil\AppData\Local\Programs\MiKTeX\tex/generic/pgf/basiclayer\pgfcor
epathprocessing.code.tex
File: pgfcorepathprocessing.code.tex 2023-01-15 v3.1.10 (3.1.10)
)
(C:\Users\Kamil\AppData\Local\Programs\MiKTeX\tex/generic/pgf/basiclayer\pgfcor
earrows.code.tex
File: pgfcorearrows.code.tex 2023-01-15 v3.1.10 (3.1.10)
\pgfarrowsep=\dimen274
)
(C:\Users\Kamil\AppData\Local\Programs\MiKTeX\tex/generic/pgf/basiclayer\pgfcor
eshade.code.tex
File: pgfcoreshade.code.tex 2023-01-15 v3.1.10 (3.1.10)
\pgf@max=\dimen275
\pgf@sys@shading@range@num=\count326
\pgf@shadingcount=\count327
)
(C:\Users\Kamil\AppData\Local\Programs\MiKTeX\tex/generic/pgf/basiclayer\pgfcor
eimage.code.tex
File: pgfcoreimage.code.tex 2023-01-15 v3.1.10 (3.1.10)
)
(C:\Users\Kamil\AppData\Local\Programs\MiKTeX\tex/generic/pgf/basiclayer\pgfcor
eexternal.code.tex
File: pgfcoreexternal.code.tex 2023-01-15 v3.1.10 (3.1.10)
\pgfexternal@startupbox=\box70
)
(C:\Users\Kamil\AppData\Local\Programs\MiKTeX\tex/generic/pgf/basiclayer\pgfcor
elayers.code.tex
File: pgfcorelayers.code.tex 2023-01-15 v3.1.10 (3.1.10)
)
(C:\Users\Kamil\AppData\Local\Programs\MiKTeX\tex/generic/pgf/basiclayer\pgfcor
etransparency.code.tex
File: pgfcoretransparency.code.tex 2023-01-15 v3.1.10 (3.1.10)
)
(C:\Users\Kamil\AppData\Local\Programs\MiKTeX\tex/generic/pgf/basiclayer\pgfcor
epatterns.code.tex
File: pgfcorepatterns.code.tex 2023-01-15 v3.1.10 (3.1.10)
)
(C:\Users\Kamil\AppData\Local\Programs\MiKTeX\tex/generic/pgf/basiclayer\pgfcor
erdf.code.tex
File: pgfcorerdf.code.tex 2023-01-15 v3.1.10 (3.1.10)
)))
(C:\Users\Kamil\AppData\Local\Programs\MiKTeX\tex/generic/pgf/modules\pgfmodule
shapes.code.tex
File: pgfmoduleshapes.code.tex 2023-01-15 v3.1.10 (3.1.10)
\pgfnodeparttextbox=\box71
)
(C:\Users\Kamil\AppData\Local\Programs\MiKTeX\tex/generic/pgf/modules\pgfmodule
plot.code.tex
File: pgfmoduleplot.code.tex 2023-01-15 v3.1.10 (3.1.10)
)
(C:\Users\Kamil\AppData\Local\Programs\MiKTeX\tex/latex/pgf/compatibility\pgfco
mp-version-0-65.sty
Package: pgfcomp-version-0-65 2023-01-15 v3.1.10 (3.1.10)
\pgf@nodesepstart=\dimen276
\pgf@nodesepend=\dimen277
)
(C:\Users\Kamil\AppData\Local\Programs\MiKTeX\tex/latex/pgf/compatibility\pgfco
mp-version-1-18.sty
Package: pgfcomp-version-1-18 2023-01-15 v3.1.10 (3.1.10)
))
(C:\Users\Kamil\AppData\Local\Programs\MiKTeX\tex/latex/pgf/utilities\pgffor.st
y
(C:\Users\Kamil\AppData\Local\Programs\MiKTeX\tex/latex/pgf/utilities\pgfkeys.s
ty
(C:\Users\Kamil\AppData\Local\Programs\MiKTeX\tex/generic/pgf/utilities\pgfkeys
.code.tex))
(C:\Users\Kamil\AppData\Local\Programs\MiKTeX\tex/latex/pgf/math\pgfmath.sty
(C:\Users\Kamil\AppData\Local\Programs\MiKTeX\tex/generic/pgf/math\pgfmath.code
.tex))
(C:\Users\Kamil\AppData\Local\Programs\MiKTeX\tex/generic/pgf/utilities\pgffor.
code.tex
Package: pgffor 2023-01-15 v3.1.10 (3.1.10)
\pgffor@iter=\dimen278
\pgffor@skip=\dimen279
\pgffor@stack=\toks39
\pgffor@toks=\toks40
))
(C:\Users\Kamil\AppData\Local\Programs\MiKTeX\tex/generic/pgf/frontendlayer/tik
z\tikz.code.tex
Package: tikz 2023-01-15 v3.1.10 (3.1.10)

(C:\Users\Kamil\AppData\Local\Programs\MiKTeX\tex/generic/pgf/libraries\pgflibr
aryplothandlers.code.tex
File: pgflibraryplothandlers.code.tex 2023-01-15 v3.1.10 (3.1.10)
\pgf@plot@mark@count=\count328
\pgfplotmarksize=\dimen280
)
\tikz@lastx=\dimen281
\tikz@lasty=\dimen282
\tikz@lastxsaved=\dimen283
\tikz@lastysaved=\dimen284
\tikz@lastmovetox=\dimen285
\tikz@lastmovetoy=\dimen286
\tikzleveldistance=\dimen287
\tikzsiblingdistance=\dimen288
\tikz@figbox=\box72
\tikz@figbox@bg=\box73
\tikz@tempbox=\box74
\tikz@tempbox@bg=\box75
\tikztreelevel=\count329
\tikznumberofchildren=\count330
\tikznumberofcurrentchild=\count331
\tikz@fig@count=\count332

(C:\Users\Kamil\AppData\Local\Programs\MiKTeX\tex/generic/pgf/modules\pgfmodule
matrix.code.tex
File: pgfmodulematrix.code.tex 2023-01-15 v3.1.10 (3.1.10)
\pgfmatrixcurrentrow=\count333
\pgfmatrixcurrentcolumn=\count334
\pgf@matrix@numberofcolumns=\count335
)
\tikz@expandcount=\count336

(C:\Users\Kamil\AppData\Local\Programs\MiKTeX\tex/generic/pgf/frontendlayer/tik
z/libraries\tikzlibrarytopaths.code.tex
File: tikzlibrarytopaths.code.tex 2023-01-15 v3.1.10 (3.1.10)
)))
(C:\Users\Kamil\AppData\Local\Programs\MiKTeX\tex/latex/circuitikz\circuitikz.s
ty
Package: circuitikz 2023/02/11{} The CircuiTikz circuit drawing package version
 1.6.1

(C:\Users\Kamil\AppData\Local\Programs\MiKTeX\tex/generic/pgf/frontendlayer/tik
z/libraries\tikzlibrarycalc.code.tex
File: tikzlibrarycalc.code.tex 2023-01-15 v3.1.10 (3.1.10)
)
(C:\Users\Kamil\AppData\Local\Programs\MiKTeX\tex/generic/pgf/libraries\pgflibr
aryarrows.meta.code.tex
File: pgflibraryarrows.meta.code.tex 2023-01-15 v3.1.10 (3.1.10)
\pgfarrowinset=\dimen289
\pgfarrowlength=\dimen290
\pgfarrowwidth=\dimen291
\pgfarrowlinewidth=\dimen292
)
(C:\Users\Kamil\AppData\Local\Programs\MiKTeX\tex/generic/pgf/frontendlayer/tik
z/libraries\tikzlibrarybending.code.tex
File: tikzlibrarybending.code.tex 2023-01-15 v3.1.10 (3.1.10)

(C:\Users\Kamil\AppData\Local\Programs\MiKTeX\tex/generic/pgf/modules\pgfmodule
bending.code.tex
File: pgfmodulebending.code.tex 2023-01-15 v3.1.10 (3.1.10)

(C:\Users\Kamil\AppData\Local\Programs\MiKTeX\tex/generic/pgf/modules\pgfmodule
nonlineartransformations.code.tex
File: pgfmodulenonlineartransformations.code.tex 2023-01-15 v3.1.10 (3.1.10)
\pgftransformnonlinearflatness=\dimen293
)
(C:\Users\Kamil\AppData\Local\Programs\MiKTeX\tex/generic/pgf/libraries\pgflibr
arycurvilinear.code.tex
File: pgflibrarycurvilinear.code.tex 2023-01-15 v3.1.10 (3.1.10)
\pgf@curvilinear@time@a=\dimen294
\pgf@curvilinear@length@a=\dimen295
\pgf@curvilinear@length@b=\dimen296
\pgf@curvilinear@length@c=\dimen297
\pgf@curvilinear@length@d=\dimen298
)
\pgf@arrows@the@rigidity=\dimen299
))
(C:\Users\Kamil\AppData\Local\Programs\MiKTeX\tex/generic/pgf/frontendlayer/tik
z/libraries\tikzlibraryfpu.code.tex
(C:\Users\Kamil\AppData\Local\Programs\MiKTeX\tex/generic/pgf/libraries\pgflibr
aryfpu.code.tex))
(C:\Users\Kamil\AppData\Local\Programs\MiKTeX\tex/generic/circuitikz\pgfcirc.de
fines.tex
\pgf@circ@count@a=\count337
\pgf@circ@count@b=\count338
\pgf@circ@count@c=\count339
\pgf@circ@res@up=\dimen300
\pgf@circ@res@down=\dimen301
\pgf@circ@res@zero=\dimen302
\pgf@circ@res@left=\dimen303
\pgf@circ@res@right=\dimen304
\pgf@circ@res@other=\dimen305
\pgf@circ@res@step=\dimen306
\pgf@circ@res@temp=\dimen307
\pgf@circ@Rlen=\dimen308
\pgf@circ@scaled@Rlen=\dimen309
\pgfstartlinewidth=\dimen310
)
(C:\Users\Kamil\AppData\Local\Programs\MiKTeX\tex/generic/circuitikz\pgfcircuti
ls.tex
\ctikz@scratchbox=\box76
)
(C:\Users\Kamil\AppData\Local\Programs\MiKTeX\tex/generic/circuitikz\pgfcircpat
h.tex)
(C:\Users\Kamil\AppData\Local\Programs\MiKTeX\tex/generic/circuitikz\pgfcircsha
pes.tex)
(C:\Users\Kamil\AppData\Local\Programs\MiKTeX\tex/generic/circuitikz\pgfcircmon
opoles.tex)
(C:\Users\Kamil\AppData\Local\Programs\MiKTeX\tex/generic/circuitikz\pgfcircbip
oles.tex)
(C:\Users\Kamil\AppData\Local\Programs\MiKTeX\tex/generic/circuitikz\pgfcirctri
poles.tex
\pgf@circ@res@count=\count340
)
(C:\Users\Kamil\AppData\Local\Programs\MiKTeX\tex/generic/circuitikz\pgfcircqua
dpoles.tex)
(C:\Users\Kamil\AppData\Local\Programs\MiKTeX\tex/generic/circuitikz\pgfcircmul
tipoles.tex)
(C:\Users\Kamil\AppData\Local\Programs\MiKTeX\tex/generic/circuitikz\pgfcirclab
el.tex)
(C:\Users\Kamil\AppData\Local\Programs\MiKTeX\tex/generic/circuitikz\pgfcircvol
tage.tex
\pgfcirc@labelshift=\dimen311
)
(C:\Users\Kamil\AppData\Local\Programs\MiKTeX\tex/generic/circuitikz\pgfcirccur
rent.tex)
(C:\Users\Kamil\AppData\Local\Programs\MiKTeX\tex/generic/circuitikz\pgfcircflo
w.tex))
(C:\Users\Kamil\AppData\Local\Programs\MiKTeX\tex/latex/caption\caption.sty
Package: caption 2023/03/12 v3.6j Customizing captions (AR)

(C:\Users\Kamil\AppData\Local\Programs\MiKTeX\tex/latex/caption\caption3.sty
Package: caption3 2023/03/12 v2.4 caption3 kernel (AR)
\caption@tempdima=\dimen312
\captionmargin=\dimen313
\caption@leftmargin=\dimen314
\caption@rightmargin=\dimen315
\caption@width=\dimen316
\caption@indent=\dimen317
\caption@parindent=\dimen318
\caption@hangindent=\dimen319
Package caption Info: Standard document class detected.
)
\c@caption@flags=\count341
\c@continuedfloat=\count342
Package caption Info: float package is loaded.
Package caption Info: listings package is loaded.
Package caption Info: wrapfig package is loaded.
)
(C:\Users\Kamil\AppData\Local\Programs\MiKTeX\tex/latex/caption\subcaption.sty
Package: subcaption 2023/02/19 v1.6 Sub-captions (AR)
Package caption Info: New subtype `subfigure' on input line 239.
\c@subfigure=\count343
Package caption Info: New subtype `subtable' on input line 239.
\c@subtable=\count344
) (C:\Users\Kamil\AppData\Local\Programs\MiKTeX\tex/latex/hyperref\hyperref.sty
Package: hyperref 2023-04-22 v7.00x Hypertext links for LaTeX

(C:\Users\Kamil\AppData\Local\Programs\MiKTeX\tex/generic/kvdefinekeys\kvdefine
keys.sty
Package: kvdefinekeys 2019-12-19 v1.6 Define keys (HO)
)
(C:\Users\Kamil\AppData\Local\Programs\MiKTeX\tex/generic/pdfescape\pdfescape.s
ty
Package: pdfescape 2019/12/09 v1.15 Implements pdfTeX's escape features (HO)
) (C:\Users\Kamil\AppData\Local\Programs\MiKTeX\tex/latex/hycolor\hycolor.sty
Package: hycolor 2020-01-27 v1.10 Color options for hyperref/bookmark (HO)
)
(C:\Users\Kamil\AppData\Local\Programs\MiKTeX\tex/latex/letltxmacro\letltxmacro
.sty
Package: letltxmacro 2019/12/03 v1.6 Let assignment for LaTeX macros (HO)
)
(C:\Users\Kamil\AppData\Local\Programs\MiKTeX\tex/latex/auxhook\auxhook.sty
Package: auxhook 2019-12-17 v1.6 Hooks for auxiliary files (HO)
)
(C:\Users\Kamil\AppData\Local\Programs\MiKTeX\tex/latex/hyperref\nameref.sty
Package: nameref 2022-05-17 v2.50 Cross-referencing by name of section

(C:\Users\Kamil\AppData\Local\Programs\MiKTeX\tex/latex/refcount\refcount.sty
Package: refcount 2019/12/15 v3.6 Data extraction from label references (HO)
)
(C:\Users\Kamil\AppData\Local\Programs\MiKTeX\tex/generic/gettitlestring\gettit
lestring.sty
Package: gettitlestring 2019/12/15 v1.6 Cleanup title references (HO)
)
\c@section@level=\count345
)
\@linkdim=\dimen320
\Hy@linkcounter=\count346
\Hy@pagecounter=\count347

(C:\Users\Kamil\AppData\Local\Programs\MiKTeX\tex/latex/hyperref\pd1enc.def
File: pd1enc.def 2023-04-22 v7.00x Hyperref: PDFDocEncoding definition (HO)
Now handling font encoding PD1 ...
... no UTF-8 mapping file for font encoding PD1
)
(C:\Users\Kamil\AppData\Local\Programs\MiKTeX\tex/generic/intcalc\intcalc.sty
Package: intcalc 2019/12/15 v1.3 Expandable calculations with integers (HO)
)
\Hy@SavedSpaceFactor=\count348

(C:\Users\Kamil\AppData\Local\Programs\MiKTeX\tex/latex/hyperref\puenc.def
File: puenc.def 2023-04-22 v7.00x Hyperref: PDF Unicode definition (HO)
Now handling font encoding PU ...
... no UTF-8 mapping file for font encoding PU
)
Package hyperref Info: Hyper figures OFF on input line 4182.
Package hyperref Info: Link nesting OFF on input line 4187.
Package hyperref Info: Hyper index ON on input line 4190.
Package hyperref Info: Plain pages OFF on input line 4197.
Package hyperref Info: Backreferencing OFF on input line 4202.
Package hyperref Info: Implicit mode ON; LaTeX internals redefined.
Package hyperref Info: Bookmarks ON on input line 4449.
\c@Hy@tempcnt=\count349

(C:\Users\Kamil\AppData\Local\Programs\MiKTeX\tex/latex/url\url.sty
\Urlmuskip=\muskip17
Package: url 2013/09/16  ver 3.4  Verb mode for urls, etc.
)
LaTeX Info: Redefining \url on input line 4787.
\XeTeXLinkMargin=\dimen321

(C:\Users\Kamil\AppData\Local\Programs\MiKTeX\tex/generic/bitset\bitset.sty
Package: bitset 2019/12/09 v1.3 Handle bit-vector datatype (HO)

(C:\Users\Kamil\AppData\Local\Programs\MiKTeX\tex/generic/bigintcalc\bigintcalc
.sty
Package: bigintcalc 2019/12/15 v1.5 Expandable calculations on big integers (HO
)
))
\Fld@menulength=\count350
\Field@Width=\dimen322
\Fld@charsize=\dimen323
Package hyperref Info: Hyper figures OFF on input line 6066.
Package hyperref Info: Link nesting OFF on input line 6071.
Package hyperref Info: Hyper index ON on input line 6074.
Package hyperref Info: backreferencing OFF on input line 6081.
Package hyperref Info: Link coloring OFF on input line 6086.
Package hyperref Info: Link coloring with OCG OFF on input line 6091.
Package hyperref Info: PDF/A mode OFF on input line 6096.

(C:\Users\Kamil\AppData\Local\Programs\MiKTeX\tex/latex/base\atbegshi-ltx.sty
Package: atbegshi-ltx 2021/01/10 v1.0c Emulation of the original atbegshi
package with kernel methods
)
\Hy@abspage=\count351
\c@Item=\count352
\c@Hfootnote=\count353
)
Package hyperref Info: Driver (autodetected): hpdftex.
(C:\Users\Kamil\AppData\Local\Programs\MiKTeX\tex/latex/hyperref\hpdftex.def
File: hpdftex.def 2023-04-22 v7.00x Hyperref driver for pdfTeX

(C:\Users\Kamil\AppData\Local\Programs\MiKTeX\tex/latex/base\atveryend-ltx.sty
Package: atveryend-ltx 2020/08/19 v1.0a Emulation of the original atveryend pac
kage
with kernel methods
)
\Fld@listcount=\count354
\c@bookmark@seq@number=\count355

(C:\Users\Kamil\AppData\Local\Programs\MiKTeX\tex/latex/rerunfilecheck\rerunfil
echeck.sty
Package: rerunfilecheck 2022-07-10 v1.10 Rerun checks for auxiliary files (HO)

(C:\Users\Kamil\AppData\Local\Programs\MiKTeX\tex/generic/uniquecounter\uniquec
ounter.sty
Package: uniquecounter 2019/12/15 v1.4 Provide unlimited unique counter (HO)
)
Package uniquecounter Info: New unique counter `rerunfilecheck' on input line 2
85.
)
\Hy@SectionHShift=\skip58
)

Package hyperref Warning: Invalid value `false'
(hyperref)                for option `pdfborder'.
(hyperref)                Option setting is ignored on input line 31.

Package hyperref Info: Option `colorlinks' set `true' on input line 31.
runsystem(for ^%i in (pygmentize.exe pygmentize.bat pygmentize.cmd) do set > se
ction_lab2.aex <nul: /p x=^%~$PATH:i>> section_lab2.aex)...executed.

runsystem(del section_lab2.aex)...executed.


(C:\Users\Kamil\AppData\Local\Programs\MiKTeX\tex/latex/l3backend\l3backend-pdf
tex.def
File: l3backend-pdftex.def 2023-04-19 L3 backend support: PDF output (pdfTeX)
\l__color_backend_stack_int=\count356
\l__pdf_internal_box=\box77
) (section_lab2.aux

LaTeX Warning: Label `fig:pure-signals' multiply defined.


LaTeX Warning: Label `fig:pure-signals' multiply defined.

)
\openout1 = `section_lab2.aux'.

LaTeX Font Info:    Checking defaults for OML/cmm/m/it on input line 37.
LaTeX Font Info:    ... okay on input line 37.
LaTeX Font Info:    Checking defaults for OMS/cmsy/m/n on input line 37.
LaTeX Font Info:    ... okay on input line 37.
LaTeX Font Info:    Checking defaults for OT1/cmr/m/n on input line 37.
LaTeX Font Info:    ... okay on input line 37.
LaTeX Font Info:    Checking defaults for T1/cmr/m/n on input line 37.
LaTeX Font Info:    ... okay on input line 37.
LaTeX Font Info:    Checking defaults for TS1/cmr/m/n on input line 37.
LaTeX Font Info:    ... okay on input line 37.
LaTeX Font Info:    Checking defaults for OMX/cmex/m/n on input line 37.
LaTeX Font Info:    ... okay on input line 37.
LaTeX Font Info:    Checking defaults for U/cmr/m/n on input line 37.
LaTeX Font Info:    ... okay on input line 37.
LaTeX Font Info:    Checking defaults for PD1/pdf/m/n on input line 37.
LaTeX Font Info:    ... okay on input line 37.
LaTeX Font Info:    Checking defaults for PU/pdf/m/n on input line 37.
LaTeX Font Info:    ... okay on input line 37.

*geometry* driver: auto-detecting
*geometry* detected driver: pdftex
*geometry* verbose mode - [ preamble ] result:
* driver: pdftex
* paper: a4paper
* layout: <same size as paper>
* layoutoffset:(h,v)=(0.0pt,0.0pt)
* modes: 
* h-part:(L,W,R)=(56.9055pt, 483.69684pt, 56.90553pt)
* v-part:(T,H,B)=(56.9055pt, 731.23582pt, 56.90552pt)
* \paperwidth=597.50787pt
* \paperheight=845.04684pt
* \textwidth=483.69684pt
* \textheight=731.23582pt
* \oddsidemargin=-15.36449pt
* \evensidemargin=-15.36449pt
* \topmargin=-52.36449pt
* \headheight=12.0pt
* \headsep=25.0pt
* \topskip=11.0pt
* \footskip=30.0pt
* \marginparwidth=50.0pt
* \marginparsep=10.0pt
* \columnsep=10.0pt
* \skip\footins=10.0pt plus 4.0pt minus 2.0pt
* \hoffset=0.0pt
* \voffset=0.0pt
* \mag=1000
* \@twocolumnfalse
* \@twosidefalse
* \@mparswitchfalse
* \@reversemarginfalse
* (1in=72.27pt=25.4mm, 1cm=28.453pt)


(C:\Users\Kamil\AppData\Local\Programs\MiKTeX\tex/context/base/mkii\supp-pdf.mk
ii
[Loading MPS to PDF converter (version 2006.09.02).]
\scratchcounter=\count357
\scratchdimen=\dimen324
\scratchbox=\box78
\nofMPsegments=\count358
\nofMParguments=\count359
\everyMPshowfont=\toks41
\MPscratchCnt=\count360
\MPscratchDim=\dimen325
\MPnumerator=\count361
\makeMPintoPDFobject=\count362
\everyMPtoPDFconversion=\toks42
)
(C:\Users\Kamil\AppData\Local\Programs\MiKTeX\tex/latex/epstopdf-pkg\epstopdf-b
ase.sty
Package: epstopdf-base 2020-01-24 v2.11 Base part for package epstopdf
Package epstopdf-base Info: Redefining graphics rule for `.eps' on input line 4
85.

(C:\Users\Kamil\AppData\Local\Programs\MiKTeX\tex/latex/00miktex\epstopdf-sys.c
fg
File: epstopdf-sys.cfg 2021/03/18 v2.0 Configuration of epstopdf for MiKTeX
)) (C:\Users\Kamil\AppData\Local\Programs\MiKTeX\tex/latex/base\textcomp.sty
Package: textcomp 2020/02/02 v2.0n Standard LaTeX package
)
\c@lstlisting=\count363
Package caption Info: Begin \AtBeginDocument code.
Package caption Info: hyperref package is loaded.
Package caption Info: End \AtBeginDocument code.
Package hyperref Info: Link coloring ON on input line 37.
(section_lab2.out) (section_lab2.out)
\@outlinefile=\write6
\openout6 = `section_lab2.out'.

 [1

{C:/Users/Kamil/AppData/Local/MiKTeX/fonts/map/pdftex/pdftex.map}]
Package epstopdf Info: Source file: <../Matlab/img/sqr50.eps>
(epstopdf)                    date: 2023-05-18 16:10:34
(epstopdf)                    size: 56110 bytes
(epstopdf)             Output file: <../Matlab/img/sqr50-eps-converted-to.pdf>
(epstopdf)                    date: 2023-05-18 16:11:06
(epstopdf)                    size: 17017 bytes
(epstopdf)             Command: <miktex-epstopdf-unrestricted --outfile=../Matl
ab/img/sqr50-eps-converted-to.pdf ../Matlab/img/sqr50.eps>
(epstopdf)             \includegraphics on input line 135.
Package epstopdf Info: Output file is already uptodate.


pdfTeX warning: pdflatex.exe (file ../Matlab/img/sqr50-eps-converted-to.pdf): P
DF inclusion: found PDF version <1.7>, but at most version <1.5> allowed
<../Matlab/img/sqr50-eps-converted-to.pdf, id=68, 204.765pt x 326.21875pt>
File: ../Matlab/img/sqr50-eps-converted-to.pdf Graphic file (type pdf)
<use ../Matlab/img/sqr50-eps-converted-to.pdf>
Package pdftex.def Info: ../Matlab/img/sqr50-eps-converted-to.pdf  used on inpu
t line 135.
(pdftex.def)             Requested size: 145.11052pt x 231.19382pt.

Underfull \hbox (badness 1968) in paragraph at lines 154--155
[]\OT1/cmr/m/n/10.95 During ex-er-cise we recorded Fourier se-ries of a sig-nal
 in
 []

Package epstopdf Info: Source file: <../Matlab/img/sin.eps>
(epstopdf)                    date: 2023-05-18 16:10:28
(epstopdf)                    size: 56453 bytes
(epstopdf)             Output file: <../Matlab/img/sin-eps-converted-to.pdf>
(epstopdf)                    date: 2023-05-18 16:11:07
(epstopdf)                    size: 16718 bytes
(epstopdf)             Command: <miktex-epstopdf-unrestricted --outfile=../Matl
ab/img/sin-eps-converted-to.pdf ../Matlab/img/sin.eps>
(epstopdf)             \includegraphics on input line 178.
Package epstopdf Info: Output file is already uptodate.


pdfTeX warning: pdflatex.exe (file ../Matlab/img/sin-eps-converted-to.pdf): PDF
 inclusion: found PDF version <1.7>, but at most version <1.5> allowed
<../Matlab/img/sin-eps-converted-to.pdf, id=72, 204.765pt x 326.21875pt>
File: ../Matlab/img/sin-eps-converted-to.pdf Graphic file (type pdf)
<use ../Matlab/img/sin-eps-converted-to.pdf>
Package pdftex.def Info: ../Matlab/img/sin-eps-converted-to.pdf  used on input 
line 178.
(pdftex.def)             Requested size: 111.2482pt x 177.23566pt.
Package epstopdf Info: Source file: <../Matlab/img/sqr50.eps>
(epstopdf)                    date: 2023-05-18 16:10:34
(epstopdf)                    size: 56110 bytes
(epstopdf)             Output file: <../Matlab/img/sqr50-eps-converted-to.pdf>
(epstopdf)                    date: 2023-05-18 16:11:06
(epstopdf)                    size: 17017 bytes
(epstopdf)             Command: <miktex-epstopdf-unrestricted --outfile=../Matl
ab/img/sqr50-eps-converted-to.pdf ../Matlab/img/sqr50.eps>
(epstopdf)             \includegraphics on input line 183.
Package epstopdf Info: Output file is already uptodate.
File: ../Matlab/img/sqr50-eps-converted-to.pdf Graphic file (type pdf)
<use ../Matlab/img/sqr50-eps-converted-to.pdf>
Package pdftex.def Info: ../Matlab/img/sqr50-eps-converted-to.pdf  used on inpu
t line 183.
(pdftex.def)             Requested size: 111.2482pt x 177.23566pt.

Underfull \hbox (badness 5231) in paragraph at lines 184--184
[]\OT1/cmr/m/n/10 (b) |Square wave 50%
 []

Package epstopdf Info: Source file: <../Matlab/img/sqr25.eps>
(epstopdf)                    date: 2023-05-18 16:10:36
(epstopdf)                    size: 56585 bytes
(epstopdf)             Output file: <../Matlab/img/sqr25-eps-converted-to.pdf>
(epstopdf)                    date: 2023-05-18 16:11:08
(epstopdf)                    size: 17507 bytes
(epstopdf)             Command: <miktex-epstopdf-unrestricted --outfile=../Matl
ab/img/sqr25-eps-converted-to.pdf ../Matlab/img/sqr25.eps>
(epstopdf)             \includegraphics on input line 188.
Package epstopdf Info: Output file is already uptodate.


pdfTeX warning: pdflatex.exe (file ../Matlab/img/sqr25-eps-converted-to.pdf): P
DF inclusion: found PDF version <1.7>, but at most version <1.5> allowed
<../Matlab/img/sqr25-eps-converted-to.pdf, id=73, 204.765pt x 326.21875pt>
File: ../Matlab/img/sqr25-eps-converted-to.pdf Graphic file (type pdf)
<use ../Matlab/img/sqr25-eps-converted-to.pdf>
Package pdftex.def Info: ../Matlab/img/sqr25-eps-converted-to.pdf  used on inpu
t line 188.
(pdftex.def)             Requested size: 111.2482pt x 177.23566pt.
Package epstopdf Info: Source file: <../Matlab/img/tri50.eps>
(epstopdf)                    date: 2023-05-18 16:10:31
(epstopdf)                    size: 56544 bytes
(epstopdf)             Output file: <../Matlab/img/tri50-eps-converted-to.pdf>
(epstopdf)                    date: 2023-05-18 16:11:09
(epstopdf)                    size: 17783 bytes
(epstopdf)             Command: <miktex-epstopdf-unrestricted --outfile=../Matl
ab/img/tri50-eps-converted-to.pdf ../Matlab/img/tri50.eps>
(epstopdf)             \includegraphics on input line 193.
Package epstopdf Info: Output file is already uptodate.


pdfTeX warning: pdflatex.exe (file ../Matlab/img/tri50-eps-converted-to.pdf): P
DF inclusion: found PDF version <1.7>, but at most version <1.5> allowed
<../Matlab/img/tri50-eps-converted-to.pdf, id=74, 204.765pt x 326.21875pt>
File: ../Matlab/img/tri50-eps-converted-to.pdf Graphic file (type pdf)
<use ../Matlab/img/tri50-eps-converted-to.pdf>
Package pdftex.def Info: ../Matlab/img/tri50-eps-converted-to.pdf  used on inpu
t line 193.
(pdftex.def)             Requested size: 111.2482pt x 177.23566pt.

Underfull \hbox (badness 1596) in paragraph at lines 194--194
[]\OT1/cmr/m/n/10 (d) |Tri-an-gle wave 50%
 []

[2 <../Matlab/img/sqr50-eps-converted-to.pdf>]
<../img/osc/DS2_QuickPrint5.png, id=98, 803.0pt x 481.8pt>
File: ../img/osc/DS2_QuickPrint5.png Graphic file (type png)
<use ../img/osc/DS2_QuickPrint5.png>
Package pdftex.def Info: ../img/osc/DS2_QuickPrint5.png  used on input line 204
.
(pdftex.def)             Requested size: 111.2482pt x 71.02509pt.
<../img/Circuit1/sin.png, id=100, 1041.8925pt x 631.60968pt>
File: ../img/Circuit1/sin.png Graphic file (type png)
<use ../img/Circuit1/sin.png>
Package pdftex.def Info: ../img/Circuit1/sin.png  used on input line 205.
(pdftex.def)             Requested size: 111.2482pt x 105.65993pt.
<../img/osc/DS2_QuickPrint4.png, id=103, 803.0pt x 481.8pt>
File: ../img/osc/DS2_QuickPrint4.png Graphic file (type png)
<use ../img/osc/DS2_QuickPrint4.png>
Package pdftex.def Info: ../img/osc/DS2_QuickPrint4.png  used on input line 210
.
(pdftex.def)             Requested size: 111.2482pt x 71.02509pt.
<../img/Circuit1/dut50.png, id=105, 1041.8925pt x 631.60968pt>
File: ../img/Circuit1/dut50.png Graphic file (type png)
<use ../img/Circuit1/dut50.png>
Package pdftex.def Info: ../img/Circuit1/dut50.png  used on input line 211.
(pdftex.def)             Requested size: 111.2482pt x 105.65993pt.

Underfull \hbox (badness 5231) in paragraph at lines 212--212
[]\OT1/cmr/m/n/10 (b) |Square wave 50%
 []

<../img/osc/DS2_QuickPrint3.png, id=107, 803.0pt x 481.8pt>
File: ../img/osc/DS2_QuickPrint3.png Graphic file (type png)
<use ../img/osc/DS2_QuickPrint3.png>
Package pdftex.def Info: ../img/osc/DS2_QuickPrint3.png  used on input line 216
.
(pdftex.def)             Requested size: 111.2482pt x 71.02509pt.
<../img/Circuit1/dut25.png, id=109, 1041.8925pt x 631.60968pt>
File: ../img/Circuit1/dut25.png Graphic file (type png)
<use ../img/Circuit1/dut25.png>
Package pdftex.def Info: ../img/Circuit1/dut25.png  used on input line 217.
(pdftex.def)             Requested size: 111.2482pt x 105.65993pt.
<../img/osc/DS2_QuickPrint2.png, id=111, 803.0pt x 481.8pt>
File: ../img/osc/DS2_QuickPrint2.png Graphic file (type png)
<use ../img/osc/DS2_QuickPrint2.png>
Package pdftex.def Info: ../img/osc/DS2_QuickPrint2.png  used on input line 222
.
(pdftex.def)             Requested size: 111.2482pt x 71.02509pt.
<../img/Circuit1/trig50.png, id=113, 1041.8925pt x 631.60968pt>
File: ../img/Circuit1/trig50.png Graphic file (type png)
<use ../img/Circuit1/trig50.png>
Package pdftex.def Info: ../img/Circuit1/trig50.png  used on input line 223.
(pdftex.def)             Requested size: 111.2482pt x 105.65993pt.

Underfull \hbox (badness 1596) in paragraph at lines 224--224
[]\OT1/cmr/m/n/10 (d) |Tri-an-gle wave 50%
 []

<../img/osc/DS2_QuickPrint1.png, id=115, 803.0pt x 481.8pt>
File: ../img/osc/DS2_QuickPrint1.png Graphic file (type png)
<use ../img/osc/DS2_QuickPrint1.png>
Package pdftex.def Info: ../img/osc/DS2_QuickPrint1.png  used on input line 237
.
(pdftex.def)             Requested size: 217.6621pt x 138.97214pt.
File: ../img/Circuit1/dut50.png Graphic file (type png)
<use ../img/Circuit1/dut50.png>
Package pdftex.def Info: ../img/Circuit1/dut50.png  used on input line 238.
(pdftex.def)             Requested size: 217.6621pt x 96.05447pt.
File: ../img/osc/DS2_QuickPrint4.png Graphic file (type png)
<use ../img/osc/DS2_QuickPrint4.png>
Package pdftex.def Info: ../img/osc/DS2_QuickPrint4.png  used on input line 242
.
(pdftex.def)             Requested size: 217.6621pt x 138.97214pt.
<../img/Circuit1/trig40.png, id=119, 1041.8925pt x 631.60968pt>
File: ../img/Circuit1/trig40.png Graphic file (type png)
<use ../img/Circuit1/trig40.png>
Package pdftex.def Info: ../img/Circuit1/trig40.png  used on input line 243.
(pdftex.def)             Requested size: 217.6621pt x 96.05447pt.
[3 <../Matlab/img/sin-eps-converted-to.pdf> <../Matlab/img/sqr25-eps-converted-
to.pdf> <../Matlab/img/tri50-eps-converted-to.pdf> <../img/osc/DS2_QuickPrint5.
png (PNG copy)> <../img/Circuit1/sin.png> <../img/osc/DS2_QuickPrint4.png (PNG 
copy)> <../img/Circuit1/dut50.png> <../img/osc/DS2_QuickPrint3.png (PNG copy)> 
<../img/Circuit1/dut25.png> <../img/osc/DS2_QuickPrint2.png (PNG copy)> <../img
/Circuit1/trig50.png>]
Package epstopdf Info: Source file: <../Matlab/img/sqr50.eps>
(epstopdf)                    date: 2023-05-18 16:10:34
(epstopdf)                    size: 56110 bytes
(epstopdf)             Output file: <../Matlab/img/sqr50-eps-converted-to.pdf>
(epstopdf)                    date: 2023-05-18 16:11:06
(epstopdf)                    size: 17017 bytes
(epstopdf)             Command: <miktex-epstopdf-unrestricted --outfile=../Matl
ab/img/sqr50-eps-converted-to.pdf ../Matlab/img/sqr50.eps>
(epstopdf)             \includegraphics on input line 252.
Package epstopdf Info: Output file is already uptodate.
File: ../Matlab/img/sqr50-eps-converted-to.pdf Graphic file (type pdf)
<use ../Matlab/img/sqr50-eps-converted-to.pdf>
Package pdftex.def Info: ../Matlab/img/sqr50-eps-converted-to.pdf  used on inpu
t line 252.
(pdftex.def)             Requested size: 217.6621pt x 346.78575pt.
Package epstopdf Info: Source file: <../Matlab/img/RCLPsqr50.eps>
(epstopdf)                    date: 2023-05-18 16:10:40
(epstopdf)                    size: 64412 bytes
(epstopdf)             Output file: <../Matlab/img/RCLPsqr50-eps-converted-to.p
df>
(epstopdf)                    date: 2023-05-18 16:11:12
(epstopdf)                    size: 63257 bytes
(epstopdf)             Command: <miktex-epstopdf-unrestricted --outfile=../Matl
ab/img/RCLPsqr50-eps-converted-to.pdf ../Matlab/img/RCLPsqr50.eps>
(epstopdf)             \includegraphics on input line 256.
Package epstopdf Info: Output file is already uptodate.


pdfTeX warning: pdflatex.exe (file ../Matlab/img/RCLPsqr50-eps-converted-to.pdf
): PDF inclusion: found PDF version <1.7>, but at most version <1.5> allowed
<../Matlab/img/RCLPsqr50-eps-converted-to.pdf, id=163, 226.8475pt x 377.41pt>
File: ../Matlab/img/RCLPsqr50-eps-converted-to.pdf Graphic file (type pdf)
<use ../Matlab/img/RCLPsqr50-eps-converted-to.pdf>
Package pdftex.def Info: ../Matlab/img/RCLPsqr50-eps-converted-to.pdf  used on 
input line 256.
(pdftex.def)             Requested size: 217.6621pt x 362.13095pt.
Package epstopdf Info: Source file: <../Matlab/img/tri40.eps>
(epstopdf)                    date: 2023-05-18 16:10:33
(epstopdf)                    size: 56576 bytes
(epstopdf)             Output file: <../Matlab/img/tri40-eps-converted-to.pdf>
(epstopdf)                    date: 2023-05-18 16:11:13
(epstopdf)                    size: 17847 bytes
(epstopdf)             Command: <miktex-epstopdf-unrestricted --outfile=../Matl
ab/img/tri40-eps-converted-to.pdf ../Matlab/img/tri40.eps>
(epstopdf)             \includegraphics on input line 264.
Package epstopdf Info: Output file is already uptodate.


pdfTeX warning: pdflatex.exe (file ../Matlab/img/tri40-eps-converted-to.pdf): P
DF inclusion: found PDF version <1.7>, but at most version <1.5> allowed
<../Matlab/img/tri40-eps-converted-to.pdf, id=164, 204.765pt x 326.21875pt>
File: ../Matlab/img/tri40-eps-converted-to.pdf Graphic file (type pdf)
<use ../Matlab/img/tri40-eps-converted-to.pdf>
Package pdftex.def Info: ../Matlab/img/tri40-eps-converted-to.pdf  used on inpu
t line 264.
(pdftex.def)             Requested size: 217.6621pt x 346.78575pt.
Package epstopdf Info: Source file: <../Matlab/img/RCLPtri40.eps>
(epstopdf)                    date: 2023-05-18 16:10:43
(epstopdf)                    size: 62416 bytes
(epstopdf)             Output file: <../Matlab/img/RCLPtri40-eps-converted-to.p
df>
(epstopdf)                    date: 2023-05-18 16:11:14
(epstopdf)                    size: 61320 bytes
(epstopdf)             Command: <miktex-epstopdf-unrestricted --outfile=../Matl
ab/img/RCLPtri40-eps-converted-to.pdf ../Matlab/img/RCLPtri40.eps>
(epstopdf)             \includegraphics on input line 268.
Package epstopdf Info: Output file is already uptodate.


pdfTeX warning: pdflatex.exe (file ../Matlab/img/RCLPtri40-eps-converted-to.pdf
): PDF inclusion: found PDF version <1.7>, but at most version <1.5> allowed
<../Matlab/img/RCLPtri40-eps-converted-to.pdf, id=165, 226.8475pt x 377.41pt>
File: ../Matlab/img/RCLPtri40-eps-converted-to.pdf Graphic file (type pdf)
<use ../Matlab/img/RCLPtri40-eps-converted-to.pdf>
Package pdftex.def Info: ../Matlab/img/RCLPtri40-eps-converted-to.pdf  used on 
input line 268.
(pdftex.def)             Requested size: 217.6621pt x 362.13095pt.
[4 <../img/osc/DS2_QuickPrint1.png (PNG copy)> <../img/Circuit1/trig40.png>]
[5 <../Matlab/img/RCLPsqr50-eps-converted-to.pdf>]
<../img/osc/DS2_QuickPrint10.png, id=188, 803.0pt x 481.8pt>
File: ../img/osc/DS2_QuickPrint10.png Graphic file (type png)
<use ../img/osc/DS2_QuickPrint10.png>
Package pdftex.def Info: ../img/osc/DS2_QuickPrint10.png  used on input line 27
9.
(pdftex.def)             Requested size: 217.6621pt x 138.97214pt.
<../img/Circuit2/dut50.png, id=190, 1041.8925pt x 631.60968pt>
File: ../img/Circuit2/dut50.png Graphic file (type png)
<use ../img/Circuit2/dut50.png>
Package pdftex.def Info: ../img/Circuit2/dut50.png  used on input line 280.
(pdftex.def)             Requested size: 217.6621pt x 96.05447pt.
<../img/osc/DS2_QuickPrint7.png, id=192, 803.0pt x 481.8pt>
File: ../img/osc/DS2_QuickPrint7.png Graphic file (type png)
<use ../img/osc/DS2_QuickPrint7.png>
Package pdftex.def Info: ../img/osc/DS2_QuickPrint7.png  used on input line 284
.
(pdftex.def)             Requested size: 217.6621pt x 138.97214pt.
<../img/Circuit2/trig40.png, id=194, 1041.8925pt x 631.60968pt>
File: ../img/Circuit2/trig40.png Graphic file (type png)
<use ../img/Circuit2/trig40.png>
Package pdftex.def Info: ../img/Circuit2/trig40.png  used on input line 285.
(pdftex.def)             Requested size: 217.6621pt x 96.05447pt.
Package epstopdf Info: Source file: <../Matlab/img/sqr50.eps>
(epstopdf)                    date: 2023-05-18 16:10:34
(epstopdf)                    size: 56110 bytes
(epstopdf)             Output file: <../Matlab/img/sqr50-eps-converted-to.pdf>
(epstopdf)                    date: 2023-05-18 16:11:06
(epstopdf)                    size: 17017 bytes
(epstopdf)             Command: <miktex-epstopdf-unrestricted --outfile=../Matl
ab/img/sqr50-eps-converted-to.pdf ../Matlab/img/sqr50.eps>
(epstopdf)             \includegraphics on input line 295.
Package epstopdf Info: Output file is already uptodate.
File: ../Matlab/img/sqr50-eps-converted-to.pdf Graphic file (type pdf)
<use ../Matlab/img/sqr50-eps-converted-to.pdf>
Package pdftex.def Info: ../Matlab/img/sqr50-eps-converted-to.pdf  used on inpu
t line 295.
(pdftex.def)             Requested size: 217.6621pt x 346.78575pt.
Package epstopdf Info: Source file: <../Matlab/img/RCHPsqr50.eps>
(epstopdf)                    date: 2023-05-18 16:10:42
(epstopdf)                    size: 60805 bytes
(epstopdf)             Output file: <../Matlab/img/RCHPsqr50-eps-converted-to.p
df>
(epstopdf)                    date: 2023-05-18 16:11:15
(epstopdf)                    size: 59275 bytes
(epstopdf)             Command: <miktex-epstopdf-unrestricted --outfile=../Matl
ab/img/RCHPsqr50-eps-converted-to.pdf ../Matlab/img/RCHPsqr50.eps>
(epstopdf)             \includegraphics on input line 299.
Package epstopdf Info: Output file is already uptodate.


pdfTeX warning: pdflatex.exe (file ../Matlab/img/RCHPsqr50-eps-converted-to.pdf
): PDF inclusion: found PDF version <1.7>, but at most version <1.5> allowed
<../Matlab/img/RCHPsqr50-eps-converted-to.pdf, id=196, 226.8475pt x 377.41pt>
File: ../Matlab/img/RCHPsqr50-eps-converted-to.pdf Graphic file (type pdf)
<use ../Matlab/img/RCHPsqr50-eps-converted-to.pdf>
Package pdftex.def Info: ../Matlab/img/RCHPsqr50-eps-converted-to.pdf  used on 
input line 299.
(pdftex.def)             Requested size: 217.6621pt x 362.13095pt.
Package epstopdf Info: Source file: <../Matlab/img/tri40.eps>
(epstopdf)                    date: 2023-05-18 16:10:33
(epstopdf)                    size: 56576 bytes
(epstopdf)             Output file: <../Matlab/img/tri40-eps-converted-to.pdf>
(epstopdf)                    date: 2023-05-18 16:11:13
(epstopdf)                    size: 17847 bytes
(epstopdf)             Command: <miktex-epstopdf-unrestricted --outfile=../Matl
ab/img/tri40-eps-converted-to.pdf ../Matlab/img/tri40.eps>
(epstopdf)             \includegraphics on input line 307.
Package epstopdf Info: Output file is already uptodate.
File: ../Matlab/img/tri40-eps-converted-to.pdf Graphic file (type pdf)
<use ../Matlab/img/tri40-eps-converted-to.pdf>
Package pdftex.def Info: ../Matlab/img/tri40-eps-converted-to.pdf  used on inpu
t line 307.
(pdftex.def)             Requested size: 217.6621pt x 346.78575pt.
Package epstopdf Info: Source file: <../Matlab/img/RCHPtri40.eps>
(epstopdf)                    date: 2023-05-18 16:10:45
(epstopdf)                    size: 67154 bytes
(epstopdf)             Output file: <../Matlab/img/RCHPtri40-eps-converted-to.p
df>
(epstopdf)                    date: 2023-05-18 16:11:17
(epstopdf)                    size: 66184 bytes
(epstopdf)             Command: <miktex-epstopdf-unrestricted --outfile=../Matl
ab/img/RCHPtri40-eps-converted-to.pdf ../Matlab/img/RCHPtri40.eps>
(epstopdf)             \includegraphics on input line 311.
Package epstopdf Info: Output file is already uptodate.


pdfTeX warning: pdflatex.exe (file ../Matlab/img/RCHPtri40-eps-converted-to.pdf
): PDF inclusion: found PDF version <1.7>, but at most version <1.5> allowed
<../Matlab/img/RCHPtri40-eps-converted-to.pdf, id=197, 226.8475pt x 377.41pt>
File: ../Matlab/img/RCHPtri40-eps-converted-to.pdf Graphic file (type pdf)
<use ../Matlab/img/RCHPtri40-eps-converted-to.pdf>
Package pdftex.def Info: ../Matlab/img/RCHPtri40-eps-converted-to.pdf  used on 
input line 311.
(pdftex.def)             Requested size: 217.6621pt x 362.13095pt.
[6 <../Matlab/img/tri40-eps-converted-to.pdf> <../Matlab/img/RCLPtri40-eps-conv
erted-to.pdf> <../img/osc/DS2_QuickPrint10.png (PNG copy)> <../img/Circuit2/dut
50.png> <../img/osc/DS2_QuickPrint7.png (PNG copy)> <../img/Circuit2/trig40.png
>] [7 <../Matlab/img/RCHPsqr50-eps-converted-to.pdf>] [8 <../Matlab/img/RCHPtri
40-eps-converted-to.pdf>] (_minted-section_lab2/default.pygstyle)
(_minted-section_lab2/E3C048B211082A0F6A52DBC636405E901C032BB267CF280A4D6B53AE0
A23D5D8.pygtex [9] [10] [11])
(_minted-section_lab2/8FCA2E98D0030E16E3A1483E349043BD58851C29DEAA63078F9E81D9F
BCF5C20.pygtex
LaTeX Font Info:    Font shape `OT1/cmtt/bx/n' in size <10.95> not available
(Font)              Font shape `OT1/cmtt/m/n' tried instead on input line 2.
 [12])
(_minted-section_lab2/A83E46F63F6B389E3E8EFC26C2B0CAAB4B4F787A94861D3284776F359
F55CA29.pygtex [13]) [14] (section_lab2.aux)

LaTeX Warning: There were multiply-defined labels.

Package rerunfilecheck Info: File `section_lab2.out' has not changed.
(rerunfilecheck)             Checksum: ABB0A1BB77C481F7C9771D3AEF15E04D;1576.
 ) 
Here is how much of TeX's memory you used:
 43810 strings out of 476360
 1034331 string characters out of 5788025
 1887993 words of memory out of 5000000
 63650 multiletter control sequences out of 15000+600000
 519033 words of font info for 56 fonts, out of 8000000 for 9000
 1141 hyphenation exceptions out of 8191
 84i,10n,80p,620b,1040s stack positions out of 10000i,1000n,20000p,200000b,200000s
 <C:\Users\Kamil\AppData\Local\MiKTeX\fonts/pk/ljfour/jknappen/ec/dpi600\tcrm
1095.pk><C:/Users/Kamil/AppData/Local/Programs/MiKTeX/fonts/type1/public/amsfon
ts/cm/cmbx10.pfb><C:/Users/Kamil/AppData/Local/Programs/MiKTeX/fonts/type1/publ
ic/amsfonts/cm/cmbx12.pfb><C:/Users/Kamil/AppData/Local/Programs/MiKTeX/fonts/t
ype1/public/amsfonts/cm/cmex10.pfb><C:/Users/Kamil/AppData/Local/Programs/MiKTe
X/fonts/type1/public/amsfonts/cm/cmitt10.pfb><C:/Users/Kamil/AppData/Local/Prog
rams/MiKTeX/fonts/type1/public/amsfonts/cm/cmmi10.pfb><C:/Users/Kamil/AppData/L
ocal/Programs/MiKTeX/fonts/type1/public/amsfonts/cm/cmmi8.pfb><C:/Users/Kamil/A
ppData/Local/Programs/MiKTeX/fonts/type1/public/amsfonts/cm/cmr10.pfb><C:/Users
/Kamil/AppData/Local/Programs/MiKTeX/fonts/type1/public/amsfonts/cm/cmr12.pfb><
C:/Users/Kamil/AppData/Local/Programs/MiKTeX/fonts/type1/public/amsfonts/cm/cmr
17.pfb><C:/Users/Kamil/AppData/Local/Programs/MiKTeX/fonts/type1/public/amsfont
s/cm/cmr6.pfb><C:/Users/Kamil/AppData/Local/Programs/MiKTeX/fonts/type1/public/
amsfonts/cm/cmr8.pfb><C:/Users/Kamil/AppData/Local/Programs/MiKTeX/fonts/type1/
public/amsfonts/cm/cmsy10.pfb><C:/Users/Kamil/AppData/Local/Programs/MiKTeX/fon
ts/type1/public/amsfonts/cm/cmtt10.pfb>
Output written on section_lab2.pdf (14 pages, 1115312 bytes).
PDF statistics:
 349 PDF objects out of 1000 (max. 8388607)
 47 named destinations out of 1000 (max. 500000)
 312 words of extra memory for PDF output out of 10000 (max. 10000000)

